{
  message: 'listen on port 3000',
  level: 'info',
  timestamp: '2024-02-11T19:48:32.942Z'
}
{
  message: 'listen on port 3000',
  level: 'info',
  timestamp: '2024-02-11T19:48:38.242Z'
}
{
  message: 'listen on port 3000',
  level: 'info',
  timestamp: '2024-02-11T19:48:57.848Z'
}
{
  message: 'listen on port 3000',
  level: 'info',
  timestamp: '2024-02-11T19:50:47.930Z'
}
{
  message: 'listen on port 3000',
  level: 'info',
  timestamp: '2024-02-11T19:51:47.925Z'
}
{
  message: 'listen on port 3000',
  level: 'info',
  timestamp: '2024-02-11T19:52:17.520Z'
}
{
  message: 'listen on port 3000',
  level: 'info',
  timestamp: '2024-02-11T19:53:20.827Z'
}
{
  message: 'listen on port 3000',
  level: 'info',
  timestamp: '2024-02-11T19:54:05.440Z'
}
{
  message: 'listen on port 3000',
  level: 'info',
  timestamp: '2024-02-11T19:54:20.971Z'
}
{
  message: 'listen on port 3000',
  level: 'info',
  timestamp: '2024-02-11T19:55:21.177Z'
}
{
  message: 'listen on port 3000',
  level: 'info',
  timestamp: '2024-02-11T19:55:53.040Z'
}
{
  message: 'listen on port 3000',
  level: 'info',
  timestamp: '2024-02-11T19:55:55.766Z'
}
{
  message: 'listen on port 3000',
  level: 'info',
  timestamp: '2024-02-11T19:56:59.982Z'
}
{
  message: 'Имя или пароль неверный',
  level: 'error',
  timestamp: '2024-02-11T19:57:37.074Z'
}
{
  message: 'Такой пользователь в базе уже существует',
  level: 'error',
  timestamp: '2024-02-11T19:58:35.837Z'
}
{
  message: 'listen on port 3000',
  level: 'info',
  timestamp: '2024-02-11T19:59:14.811Z'
}
{
  message: 'Такой пользователь в базе уже существует',
  level: 'error',
  timestamp: '2024-02-11T19:59:31.163Z'
}
{
  message: 'listen on port 3000',
  level: 'info',
  timestamp: '2024-02-11T20:01:51.756Z'
}
{
  message: 'listen on port 3000',
  level: 'info',
  timestamp: '2024-02-11T20:03:47.519Z'
}
{
  message: 'listen on port 3000',
  level: 'info',
  timestamp: '2024-02-11T20:06:03.029Z'
}
{
  message: 'listen on port 3000',
  level: 'info',
  timestamp: '2024-02-11T20:06:18.478Z'
}
{
  message: 'listen on port 3000',
  level: 'info',
  timestamp: '2024-02-11T20:08:38.284Z'
}
{
  message: "development, 404, Could't get path",
  level: 'error',
  timestamp: '2024-02-11T20:08:45.878Z'
}
{
  message: 'listen on port 3000',
  level: 'info',
  timestamp: '2024-02-11T20:09:06.133Z'
}
{
  message: "development 404 Could't get path",
  level: 'error',
  timestamp: '2024-02-11T20:09:06.303Z'
}
{
  message: 'listen on port 3000',
  level: 'info',
  timestamp: '2024-02-12T06:02:31.313Z'
}
{
  message: "development 404 Could't get path",
  level: 'error',
  timestamp: '2024-02-12T06:02:51.432Z'
}
{
  message: 'listen on port 3000',
  level: 'info',
  timestamp: '2024-02-12T06:57:24.512Z'
}
{
  message: 'listen on port 3000',
  level: 'info',
  timestamp: '2024-02-12T06:58:41.071Z'
}
{
  message: 'Пользователь зашёл на страницу логина',
  level: 'info',
  timestamp: '2024-02-12T06:58:45.321Z'
}
{
  message: 'listen on port 3000',
  level: 'info',
  timestamp: '2024-02-12T06:59:29.510Z'
}
{
  message: 'listen on port 3000',
  level: 'info',
  timestamp: '2024-02-12T06:59:37.260Z'
}
{
  message: 'Пользователь вышел',
  level: 'info',
  timestamp: '2024-02-12T07:00:06.106Z'
}
{
  message: 'listen on port 3000',
  level: 'info',
  timestamp: '2024-02-12T07:00:38.496Z'
}
{
  message: 'listen on port 3000',
  level: 'info',
  timestamp: '2024-02-12T07:01:17.998Z'
}
{
  message: 'listen on port 3000',
  level: 'info',
  timestamp: '2024-02-12T07:01:55.588Z'
}
{
  message: 'listen on port 3000',
  level: 'info',
  timestamp: '2024-02-12T07:02:06.559Z'
}
{
  message: 'listen on port 3000',
  level: 'info',
  timestamp: '2024-02-12T07:02:28.921Z'
}
{
  message: 'listen on port 3000',
  level: 'info',
  timestamp: '2024-02-12T07:03:13.145Z'
}
{
  message: 'Пользователь зашёл на страницу регистрации',
  level: 'info',
  timestamp: '2024-02-12T07:03:43.253Z'
}
{
  message: 'Пользователь зашёл на страницу логина',
  level: 'info',
  timestamp: '2024-02-12T07:03:47.462Z'
}
{
  message: 'Пользователь зашёл на главную страницу',
  level: 'info',
  timestamp: '2024-02-12T07:03:51.455Z'
}
{
  message: 'Пользователь зашёл на страницу логина',
  level: 'info',
  timestamp: '2024-02-12T07:04:02.405Z'
}
{
  message: 'Пользователь зашёл на главную страницу',
  level: 'info',
  timestamp: '2024-02-12T07:04:09.632Z'
}
{
  message: 'Пользователь зашёл на страницу постов',
  level: 'info',
  timestamp: '2024-02-12T07:04:50.237Z'
}
{
  message: 'Пользователь зашёл на страницу создания поста',
  level: 'info',
  timestamp: '2024-02-12T07:04:56.595Z'
}
{
  message: "development undefined Column 'username' cannot be null",
  level: 'error',
  timestamp: '2024-02-12T07:05:09.189Z'
}
{
  message: 'Пользователь зашёл на главную страницу',
  level: 'info',
  timestamp: '2024-02-12T07:06:49.239Z'
}
{
  message: 'Пользователь зашёл на страницу логина',
  level: 'info',
  timestamp: '2024-02-12T07:06:52.167Z'
}
{
  message: 'Пользователь вошёл в аккаунт',
  level: 'info',
  timestamp: '2024-02-12T07:06:59.310Z'
}
{
  message: 'Пользователь зашёл на главную страницу',
  level: 'info',
  timestamp: '2024-02-12T07:06:59.329Z'
}
{
  message: 'Пользователь зашёл на страницу постов',
  level: 'info',
  timestamp: '2024-02-12T07:07:03.121Z'
}
{
  message: 'Пользователь зашёл на страницу создания поста',
  level: 'info',
  timestamp: '2024-02-12T07:07:07.439Z'
}
{
  message: 'Пользователь зашёл на страницу постов',
  level: 'info',
  timestamp: '2024-02-12T07:07:12.385Z'
}
{
  message: 'Пользователь зашёл на страницу постов',
  level: 'info',
  timestamp: '2024-02-12T07:08:46.642Z'
}
{
  message: 'Пользователь зашёл на главную страницу',
  level: 'info',
  timestamp: '2024-02-12T07:08:49.544Z'
}
{
  message: 'Пользователь зашёл на главную страницу',
  level: 'info',
  timestamp: '2024-02-19T06:26:11.393Z'
}
{
  message: 'Пользователь зашёл на страницу логина',
  level: 'info',
  timestamp: '2024-02-19T06:26:17.501Z'
}
{
  message: "development 404 Could't get path",
  level: 'error',
  timestamp: '2024-02-19T07:50:46.582Z'
}
{
  message: 'Пользователь зашёл на главную страницу',
  level: 'info',
  timestamp: '2024-02-19T07:50:48.835Z'
}
{
  message: 'Пользователь зашёл на страницу регистрации',
  level: 'info',
  timestamp: '2024-02-19T07:50:50.930Z'
}
{
  message: 'Создан новый токен для goida@gmail.com, eyJhbGciOiJIUzI1NiIsInR5cCI6IkpXVCJ9.eyJuYW1lIjoiZ29pZGEiLCJpYXQiOjE3MDgzMjkwODQsImV4cCI6MTcwODMzMjY4NH0.ID-BWPnJxzCUjwZ_sNyEm3LTuf_5Q5lS9UZyq3So-2U',
  level: 'info',
  timestamp: '2024-02-19T07:51:24.851Z'
}
{
  message: 'Создался новый пользователь',
  level: 'info',
  timestamp: '2024-02-19T07:51:24.866Z'
}
{
  message: 'Пользователь зашёл на главную страницу',
  level: 'info',
  timestamp: '2024-02-19T07:51:24.894Z'
}
{
  message: "development 404 Could't get path",
  level: 'error',
  timestamp: '2024-02-19T07:56:01.905Z'
}
{
  message: "development 404 Could't get path",
  level: 'error',
  timestamp: '2024-02-19T07:56:02.012Z'
}
{
  message: 'Пользователь зашёл на страницу постов',
  level: 'info',
  timestamp: '2024-02-19T07:57:50.589Z'
}
{
  message: "development 404 Could't get path",
  level: 'error',
  timestamp: '2024-02-19T07:57:54.144Z'
}
{
  message: 'Пользователь зашёл на страницу логина',
  level: 'info',
  timestamp: '2024-02-19T07:58:08.500Z'
}
{
  message: 'Пользователь вошёл в аккаунт',
  level: 'info',
  timestamp: '2024-02-19T07:58:23.105Z'
}
{
  message: 'Пользователь зашёл на главную страницу',
  level: 'info',
  timestamp: '2024-02-19T07:58:23.137Z'
}
{
  message: 'Пользователь зашёл на страницу постов',
  level: 'info',
  timestamp: '2024-02-19T07:58:25.219Z'
}
{
  message: 'Пользователь зашёл на страницу создания поста',
  level: 'info',
  timestamp: '2024-02-19T07:58:35.082Z'
}
{
  message: 'Пользователь создал новый пост',
  level: 'info',
  timestamp: '2024-02-19T07:58:58.130Z'
}
{
  message: 'Пользователь зашёл на страницу постов',
  level: 'info',
  timestamp: '2024-02-19T07:58:58.173Z'
}
{
  message: 'Пользователь вышел',
  level: 'info',
  timestamp: '2024-02-19T07:59:12.822Z'
}
{
  message: 'Пользователь зашёл на главную страницу',
  level: 'info',
  timestamp: '2024-02-19T07:59:12.829Z'
}
{
  message: "development 404 Could't get path",
  level: 'error',
  timestamp: '2024-02-26T08:02:54.166Z'
}
{
  message: 'Пользователь зашёл на главную страницу',
  level: 'info',
  timestamp: '2024-02-26T08:02:58.395Z'
}
{
  message: 'Пользователь зашёл на главную страницу',
  level: 'info',
  timestamp: '2024-02-26T08:02:58.649Z'
}
{
  message: 'Пользователь зашёл на страницу регистрации',
  level: 'info',
  timestamp: '2024-02-26T08:03:03.291Z'
}
{
  message: 'Такой пользователь в базе уже существует',
  level: 'error',
  timestamp: '2024-02-26T08:06:38.003Z'
}
{
  message: 'Пользователь зашёл на главную страницу',
  level: 'info',
  timestamp: '2024-02-26T08:08:23.979Z'
}
{
  message: 'Пользователь зашёл на страницу регистрации',
  level: 'info',
  timestamp: '2024-02-26T08:08:28.381Z'
}
{
  message: 'Такой пользователь в базе уже существует',
  level: 'error',
  timestamp: '2024-02-26T08:10:05.618Z'
}
{
  message: 'Пользователь зашёл на главную страницу',
  level: 'info',
  timestamp: '2024-02-26T08:10:05.646Z'
}
{
  message: 'Пользователь зашёл на страницу логина',
  level: 'info',
  timestamp: '2024-02-26T08:11:01.282Z'
}
{
  message: 'Пользователь зашёл на страницу логина',
  level: 'info',
  timestamp: '2024-02-26T08:13:22.503Z'
}
{
  message: 'Пользователь зашёл на страницу логина',
  level: 'info',
  timestamp: '2024-02-26T08:13:23.524Z'
}
{
  message: 'development undefined jwt is not defined',
  level: 'error',
  timestamp: '2024-02-26T08:14:04.860Z'
}
{
  message: 'Пользователь вошёл в аккаунт',
  level: 'info',
  timestamp: '2024-02-26T08:14:04.865Z'
}
{
  message: 'Пользователь зашёл на главную страницу',
  level: 'info',
  timestamp: '2024-02-26T08:14:04.974Z'
}
{
  message: 'Пользователь вышел',
  level: 'info',
  timestamp: '2024-02-26T08:14:25.654Z'
}
{
  message: 'Пользователь зашёл на главную страницу',
  level: 'info',
  timestamp: '2024-02-26T08:14:25.668Z'
}
{
  message: 'Пользователь зашёл на страницу регистрации',
  level: 'info',
  timestamp: '2024-02-26T08:14:26.422Z'
}
{
  message: 'Такой пользователь в базе уже существует',
  level: 'error',
  timestamp: '2024-02-26T08:16:09.477Z'
}
{
  message: "development 404 Could't get path",
  level: 'error',
  timestamp: '2024-02-26T08:26:36.099Z'
}
{
  message: 'Пользователь зашёл на главную страницу',
  level: 'info',
  timestamp: '2024-02-26T08:26:38.209Z'
}
{
  message: 'Пользователь зашёл на страницу регистрации',
  level: 'info',
  timestamp: '2024-02-26T08:26:42.480Z'
}
{
  message: 'Создался новый пользователь',
  level: 'info',
  timestamp: '2024-02-26T08:27:11.973Z'
}
{
  message: 'Создан новый токен для aaa@gmail.com, Токен: eyJhbGciOiJIUzI1NiIsInR5cCI6IkpXVCJ9.eyJuYW1lIjoiYWFhIiwiaWF0IjoxNzA4OTM2MDMxLCJleHAiOjE3MDkxMzYwMzF9.hGiofmkokaZtPKKM_g_bGgZhYwZkU0DY8xG-cjn87EE',
  level: 'info',
  timestamp: '2024-02-26T08:27:11.979Z'
}
{
  message: 'Пользователь зашёл на главную страницу',
  level: 'info',
  timestamp: '2024-02-26T08:27:11.999Z'
}
{
  message: "development 404 Could't get path",
  level: 'error',
  timestamp: '2024-02-26T08:27:20.415Z'
}
{
  message: "development 404 Could't get path",
  level: 'error',
  timestamp: '2024-02-26T08:27:20.430Z'
}
{
  message: 'Пользователь вышел',
  level: 'info',
  timestamp: '2024-02-26T08:27:49.631Z'
}
{
  message: 'Пользователь зашёл на главную страницу',
  level: 'info',
  timestamp: '2024-02-26T08:27:49.657Z'
}
{
  message: 'Пользователь зашёл на страницу логина',
  level: 'info',
  timestamp: '2024-02-26T08:27:54.076Z'
}
{
  message: "development 404 Could't get path",
  level: 'error',
  timestamp: '2024-02-26T08:28:09.971Z'
}
{
  message: "development 404 Could't get path",
  level: 'error',
  timestamp: '2024-02-26T08:28:10.002Z'
}
{
  message: "development 404 Could't get path",
  level: 'error',
  timestamp: '2024-02-26T08:28:14.209Z'
}
{
  message: "development 404 Could't get path",
  level: 'error',
  timestamp: '2024-02-26T08:28:14.400Z'
}
{
  message: "development 404 Could't get path",
  level: 'error',
  timestamp: '2024-02-26T08:28:49.387Z'
}
{
  message: 'Пользователь зашёл на главную страницу',
  level: 'info',
  timestamp: '2024-02-26T08:28:51.768Z'
}
{
  message: 'Пользователь зашёл на страницу логина',
  level: 'info',
  timestamp: '2024-02-26T08:28:53.310Z'
}
{
  message: 'Пользователь вошёл в аккаунт',
  level: 'info',
  timestamp: '2024-02-26T08:29:01.721Z'
}
{
  message: 'Пользователь зашёл на главную страницу',
  level: 'info',
  timestamp: '2024-02-26T08:29:44.466Z'
}
{
  message: 'Пользователь зашёл на страницу логина',
  level: 'info',
  timestamp: '2024-02-26T08:29:48.152Z'
}
{
  message: 'Пользователь вошёл в аккаунт',
  level: 'info',
  timestamp: '2024-02-26T08:29:57.890Z'
}
{
  message: 'Создан новый токен для undefined, Токен: eyJhbGciOiJIUzI1NiIsInR5cCI6IkpXVCJ9.eyJpYXQiOjE3MDg5MzYxOTcsImV4cCI6MTcwODkzNjY5N30.e0lhA3scpZkvGu_udmBg-p7O47KvDQhuAn3NvuHuQXs',
  level: 'info',
  timestamp: '2024-02-26T08:29:57.899Z'
}
{
  message: 'Пользователь зашёл на главную страницу',
  level: 'info',
  timestamp: '2024-02-26T08:29:57.918Z'
}
{
  message: "development 404 Could't get path",
  level: 'error',
  timestamp: '2024-02-26T08:30:01.208Z'
}
{
  message: "development 404 Could't get path",
  level: 'error',
  timestamp: '2024-02-26T08:30:01.316Z'
}
{
  message: 'Пользователь зашёл на главную страницу',
  level: 'info',
  timestamp: '2024-02-26T08:32:34.119Z'
}
{
  message: 'Пользователь зашёл на главную страницу',
  level: 'info',
  timestamp: '2024-02-26T08:32:35.516Z'
}
{
  message: 'Пользователь зашёл на страницу регистрации',
  level: 'info',
  timestamp: '2024-02-26T08:32:36.981Z'
}
{
  message: 'Создался новый пользователь',
  level: 'info',
  timestamp: '2024-02-26T08:33:09.905Z'
}
{
  message: 'Создан новый токен для www@gmail.com, Токен: eyJhbGciOiJIUzI1NiIsInR5cCI6IkpXVCJ9.eyJuYW1lIjoid3d3IiwiaWF0IjoxNzA4OTM2Mzg5LCJleHAiOjE3MDg5MzY4ODl9.c8R7h880TUv4NsjGzM4aGXbC2rE8noNtKo0uhCOLyn8',
  level: 'info',
  timestamp: '2024-02-26T08:33:09.912Z'
}
{
  message: 'Пользователь зашёл на главную страницу',
  level: 'info',
  timestamp: '2024-02-26T08:33:09.927Z'
}
{
  message: "development 404 Could't get path",
  level: 'error',
  timestamp: '2024-02-26T08:35:11.387Z'
}
{
  message: "development 404 Could't get path",
  level: 'error',
  timestamp: '2024-02-26T08:35:11.518Z'
}
{
  message: "development 404 Could't get path",
  level: 'error',
  timestamp: '2024-02-26T08:36:38.622Z'
}
{
  message: 'Пользователь зашёл на главную страницу',
  level: 'info',
  timestamp: '2024-02-26T08:37:36.261Z'
}
{
  message: "development 404 Could't get path",
  level: 'error',
  timestamp: '2024-02-26T08:37:36.768Z'
}
{
  message: "development 404 Could't get path",
  level: 'error',
  timestamp: '2024-02-26T08:37:36.778Z'
}
{
  message: 'Пользователь зашёл на главную страницу',
  level: 'info',
  timestamp: '2024-02-26T08:37:39.552Z'
}
{
  message: 'Пользователь зашёл на главную страницу',
  level: 'info',
  timestamp: '2024-02-26T08:37:56.300Z'
}
{
  message: "development 404 Could't get path",
  level: 'error',
  timestamp: '2024-02-26T08:38:00.240Z'
}
{
  message: "development 404 Could't get path",
  level: 'error',
  timestamp: '2024-02-26T08:38:00.254Z'
}
{
  message: 'Пользователь зашёл на главную страницу',
  level: 'info',
  timestamp: '2024-02-26T08:38:04.559Z'
}
{
  message: "development 404 Could't get path",
  level: 'error',
  timestamp: '2024-02-26T08:38:16.610Z'
}
{
  message: "development 404 Could't get path",
  level: 'error',
  timestamp: '2024-02-26T08:38:16.630Z'
}
{
  message: "development 404 Could't get path",
  level: 'error',
  timestamp: '2024-02-26T08:38:27.398Z'
}
{
  message: "development 404 Could't get path",
  level: 'error',
  timestamp: '2024-02-26T08:38:27.405Z'
}
{
  message: 'Пользователь зашёл на главную страницу',
  level: 'info',
  timestamp: '2024-02-26T08:38:36.624Z'
}
{
  message: 'Пользователь зашёл на главную страницу',
  level: 'info',
  timestamp: '2024-02-26T08:38:37.584Z'
}
{
  message: "development 404 Could't get path",
  level: 'error',
  timestamp: '2024-02-26T08:38:40.895Z'
}
{
  message: "development 404 Could't get path",
  level: 'error',
  timestamp: '2024-02-26T08:38:40.923Z'
}
{
  message: 'Пользователь зашёл на страницу логина',
  level: 'info',
  timestamp: '2024-02-26T08:39:12.674Z'
}
{
  message: "development 404 Could't get path",
  level: 'error',
  timestamp: '2024-02-26T08:39:32.858Z'
}
{
  message: "development 404 Could't get path",
  level: 'error',
  timestamp: '2024-02-26T08:39:32.993Z'
}
{
  message: "development 404 Could't get path",
  level: 'error',
  timestamp: '2024-02-26T08:39:32.994Z'
}
{
  message: 'Пользователь вошёл в аккаунт',
  level: 'info',
  timestamp: '2024-02-26T08:39:35.093Z'
}
{
  message: 'Создан новый токен для undefined, Токен: eyJhbGciOiJIUzI1NiIsInR5cCI6IkpXVCJ9.eyJpYXQiOjE3MDg5MzY3NzUsImV4cCI6MTcwODkzNzI3NX0.2t-W_EVh8ZD89X4sMY6iulMic_glm6fViw1S3vwM1TI',
  level: 'info',
  timestamp: '2024-02-26T08:39:35.099Z'
}
{
  message: 'Пользователь зашёл на главную страницу',
  level: 'info',
  timestamp: '2024-02-26T08:39:35.129Z'
}
{
  message: "development 404 Could't get path",
  level: 'error',
  timestamp: '2024-02-26T08:39:55.303Z'
}
{
  message: "development 404 Could't get path",
  level: 'error',
  timestamp: '2024-02-26T08:44:35.069Z'
}
{
  message: "development 404 Could't get path",
  level: 'error',
  timestamp: '2024-02-26T08:44:35.072Z'
}
{
  message: "development 404 Could't get path",
  level: 'error',
  timestamp: '2024-02-26T08:44:35.074Z'
}
{
  message: "development 404 Could't get path",
  level: 'error',
  timestamp: '2024-02-26T08:44:35.075Z'
}
{
  message: 'Пользователь зашёл на главную страницу',
  level: 'info',
  timestamp: '2024-02-26T08:44:41.255Z'
}
{
  message: 'Пользователь зашёл на главную страницу',
  level: 'info',
  timestamp: '2024-02-26T08:44:50.297Z'
}
{
  message: "development 404 Could't get path",
  level: 'error',
  timestamp: '2024-02-26T08:45:01.577Z'
}
{
  message: "development 404 Could't get path",
  level: 'error',
  timestamp: '2024-02-26T08:45:01.656Z'
}
{
  message: 'Пользователь зашёл на главную страницу',
  level: 'info',
  timestamp: '2024-02-26T08:45:56.412Z'
}
{
  message: 'Пользователь зашёл на главную страницу',
  level: 'info',
  timestamp: '2024-02-26T08:45:57.166Z'
}
{
  message: 'Пользователь зашёл на страницу логина',
  level: 'info',
  timestamp: '2024-02-26T08:45:58.615Z'
}
{
  message: 'Пользователь вошёл в аккаунт',
  level: 'info',
  timestamp: '2024-02-26T08:46:07.892Z'
}
{
  message: 'Создан новый токен для undefined, Токен: eyJhbGciOiJIUzI1NiIsInR5cCI6IkpXVCJ9.eyJpYXQiOjE3MDg5MzcxNjcsImV4cCI6MTcwODkzNzY2N30.Xf352CnB_KXgt8gR8mPIThQs2ZB60on8fiMILI4nbJA',
  level: 'info',
  timestamp: '2024-02-26T08:46:07.907Z'
}
{
  message: 'Пользователь зашёл на главную страницу',
  level: 'info',
  timestamp: '2024-02-26T08:46:07.925Z'
}
{
  message: "development 404 Could't get path",
  level: 'error',
  timestamp: '2024-02-26T08:46:11.603Z'
}
{
  message: "development 404 Could't get path",
  level: 'error',
  timestamp: '2024-02-26T08:46:11.732Z'
}
{
  message: 'Пользователь вышел',
  level: 'info',
  timestamp: '2024-02-26T08:46:28.789Z'
}
{
  message: 'Пользователь зашёл на главную страницу',
  level: 'info',
  timestamp: '2024-02-26T08:46:28.807Z'
}
{
  message: "development 404 Could't get path",
  level: 'error',
  timestamp: '2024-02-26T08:46:49.080Z'
}
{
  message: "development 404 Could't get path",
  level: 'error',
  timestamp: '2024-02-26T08:46:49.131Z'
}
{
  message: 'Пользователь зашёл на главную страницу',
  level: 'info',
  timestamp: '2024-02-26T08:49:29.862Z'
}
{
  message: 'Пользователь зашёл на главную страницу',
  level: 'info',
  timestamp: '2024-02-26T08:49:30.740Z'
}
{
  message: 'Пользователь зашёл на страницу логина',
  level: 'info',
  timestamp: '2024-02-26T08:49:32.326Z'
}
{
  message: 'Пользователь вошёл в аккаунт',
  level: 'info',
  timestamp: '2024-02-26T08:49:43.818Z'
}
{
  message: 'Создан новый токен для undefined, Токен: eyJhbGciOiJIUzI1NiIsInR5cCI6IkpXVCJ9.eyJpYXQiOjE3MDg5MzczODMsImV4cCI6MTcwODkzNzg4M30.1ODTi4f7pMH6uoMYjOrn5hB1gsHmVgTXv7BRwASZfas',
  level: 'info',
  timestamp: '2024-02-26T08:49:43.835Z'
}
{
  message: 'Пользователь зашёл на главную страницу',
  level: 'info',
  timestamp: '2024-02-26T08:49:43.857Z'
}
{
  message: 'Пользователь зашёл на главную страницу',
  level: 'info',
  timestamp: '2024-02-26T08:49:50.013Z'
}
{
  message: 'Пользователь зашёл на главную страницу',
  level: 'info',
  timestamp: '2024-02-26T08:49:50.985Z'
}
{
  message: 'Пользователь зашёл на главную страницу',
  level: 'info',
  timestamp: '2024-02-26T09:31:02.849Z'
}
{
  message: 'Пользователь вышел',
  level: 'info',
  timestamp: '2024-02-26T09:31:10.480Z'
}
{
  message: 'Пользователь зашёл на главную страницу',
  level: 'info',
  timestamp: '2024-02-26T09:31:10.496Z'
}
{
  message: 'Пользователь зашёл на главную страницу',
  level: 'info',
  timestamp: '2024-02-26T09:33:16.843Z'
}
